-- The C compiler identification is GNU 9.4.0
-- The CXX compiler identification is GNU 9.4.0
-- Check for working C compiler: /usr/bin/cc
-- Check for working C compiler: /usr/bin/cc -- works
-- Detecting C compiler ABI info
-- Detecting C compiler ABI info - done
-- Detecting C compile features
-- Detecting C compile features - done
-- Check for working CXX compiler: /usr/bin/c++
-- Check for working CXX compiler: /usr/bin/c++ -- works
-- Detecting CXX compiler ABI info
-- Detecting CXX compiler ABI info - done
-- Detecting CXX compile features
-- Detecting CXX compile features - done
-- Found ament_cmake: 0.9.12 (/opt/ros/foxy/share/ament_cmake/cmake)
-- Found PythonInterp: /usr/bin/python3 (found suitable version "3.8.10", minimum required is "3") 
-- Using PYTHON_EXECUTABLE: /usr/bin/python3
-- Override CMake install command with custom implementation using symlinks instead of copying resources
-- Found rclcpp: 2.4.3 (/opt/ros/foxy/share/rclcpp/cmake)
-- Using all available rosidl_typesupport_c: rosidl_typesupport_fastrtps_c;rosidl_typesupport_introspection_c
-- Found rosidl_adapter: 1.3.1 (/opt/ros/foxy/share/rosidl_adapter/cmake)
-- Found OpenSSL: /usr/lib/x86_64-linux-gnu/libcrypto.so (found version "1.1.1f")  
-- Found FastRTPS: /opt/ros/foxy/include  
-- Using all available rosidl_typesupport_cpp: rosidl_typesupport_fastrtps_cpp;rosidl_typesupport_introspection_cpp
-- Found rmw_implementation_cmake: 1.0.4 (/opt/ros/foxy/share/rmw_implementation_cmake/cmake)
-- Using RMW implementation 'rmw_fastrtps_cpp' as default
-- Looking for pthread.h
-- Looking for pthread.h - found
-- Performing Test CMAKE_HAVE_LIBC_PTHREAD
-- Performing Test CMAKE_HAVE_LIBC_PTHREAD - Failed
-- Looking for pthread_create in pthreads
-- Looking for pthread_create in pthreads - not found
-- Looking for pthread_create in pthread
-- Looking for pthread_create in pthread - found
-- Found Threads: TRUE  
-- Found sensor_msgs: 2.0.5 (/opt/ros/foxy/share/sensor_msgs/cmake)
-- Configuring done
-- Generating done
-- Build files have been written to: /home/ankledogg/ydlidar_ros2_ws/src/ydlidar_x3_ros/build/ydlidar_x3_ros
[35m[1mScanning dependencies of target ydlidar_x3_node[0m
[ 50%] [32mBuilding CXX object CMakeFiles/ydlidar_x3_node.dir/src/ydlidar_x3_node.cpp.o[0m
[100%] [32m[1mLinking CXX executable ydlidar_x3_node[0m
[100%] Built target ydlidar_x3_node
-- Install configuration: ""
-- Execute custom install script
-- Symlinking: /home/ankledogg/ydlidar_ros2_ws/src/ydlidar_x3_ros/install/ydlidar_x3_ros/lib/ydlidar_x3_ros/ydlidar_x3_node
-- Symlinking: /home/ankledogg/ydlidar_ros2_ws/src/ydlidar_x3_ros/install/ydlidar_x3_ros/share/ament_index/resource_index/package_run_dependencies/ydlidar_x3_ros
-- Symlinking: /home/ankledogg/ydlidar_ros2_ws/src/ydlidar_x3_ros/install/ydlidar_x3_ros/share/ament_index/resource_index/parent_prefix_path/ydlidar_x3_ros
-- Symlinking: /home/ankledogg/ydlidar_ros2_ws/src/ydlidar_x3_ros/install/ydlidar_x3_ros/share/ydlidar_x3_ros/environment/ament_prefix_path.sh
-- Symlinking: /home/ankledogg/ydlidar_ros2_ws/src/ydlidar_x3_ros/install/ydlidar_x3_ros/share/ydlidar_x3_ros/environment/ament_prefix_path.dsv
-- Symlinking: /home/ankledogg/ydlidar_ros2_ws/src/ydlidar_x3_ros/install/ydlidar_x3_ros/share/ydlidar_x3_ros/environment/path.sh
-- Symlinking: /home/ankledogg/ydlidar_ros2_ws/src/ydlidar_x3_ros/install/ydlidar_x3_ros/share/ydlidar_x3_ros/environment/path.dsv
-- Symlinking: /home/ankledogg/ydlidar_ros2_ws/src/ydlidar_x3_ros/install/ydlidar_x3_ros/share/ydlidar_x3_ros/local_setup.bash
-- Symlinking: /home/ankledogg/ydlidar_ros2_ws/src/ydlidar_x3_ros/install/ydlidar_x3_ros/share/ydlidar_x3_ros/local_setup.sh
-- Symlinking: /home/ankledogg/ydlidar_ros2_ws/src/ydlidar_x3_ros/install/ydlidar_x3_ros/share/ydlidar_x3_ros/local_setup.zsh
-- Symlinking: /home/ankledogg/ydlidar_ros2_ws/src/ydlidar_x3_ros/install/ydlidar_x3_ros/share/ydlidar_x3_ros/local_setup.dsv
-- Symlinking: /home/ankledogg/ydlidar_ros2_ws/src/ydlidar_x3_ros/install/ydlidar_x3_ros/share/ydlidar_x3_ros/package.dsv
-- Symlinking: /home/ankledogg/ydlidar_ros2_ws/src/ydlidar_x3_ros/install/ydlidar_x3_ros/share/ament_index/resource_index/packages/ydlidar_x3_ros
-- Symlinking: /home/ankledogg/ydlidar_ros2_ws/src/ydlidar_x3_ros/install/ydlidar_x3_ros/share/ydlidar_x3_ros/cmake/ydlidar_x3_rosConfig.cmake
-- Symlinking: /home/ankledogg/ydlidar_ros2_ws/src/ydlidar_x3_ros/install/ydlidar_x3_ros/share/ydlidar_x3_ros/cmake/ydlidar_x3_rosConfig-version.cmake
-- Symlinking: /home/ankledogg/ydlidar_ros2_ws/src/ydlidar_x3_ros/install/ydlidar_x3_ros/share/ydlidar_x3_ros/package.xml
