-- Found ament_cmake: 0.9.12 (/opt/ros/foxy/share/ament_cmake/cmake)
-- Using PYTHON_EXECUTABLE: /usr/bin/python3
-- Override CMake install command with custom implementation using symlinks instead of copying resources
-- Found rclcpp: 2.4.3 (/opt/ros/foxy/share/rclcpp/cmake)
-- Using all available rosidl_typesupport_c: rosidl_typesupport_fastrtps_c;rosidl_typesupport_introspection_c
-- Found rosidl_adapter: 1.3.1 (/opt/ros/foxy/share/rosidl_adapter/cmake)
-- Using all available rosidl_typesupport_cpp: rosidl_typesupport_fastrtps_cpp;rosidl_typesupport_introspection_cpp
-- Found rmw_implementation_cmake: 1.0.4 (/opt/ros/foxy/share/rmw_implementation_cmake/cmake)
-- Using RMW implementation 'rmw_fastrtps_cpp' as default
-- Found sensor_msgs: 2.0.5 (/opt/ros/foxy/share/sensor_msgs/cmake)
-- Configuring done
-- Generating done
-- Build files have been written to: /home/ankledogg/ydlidar_ros2_ws/build/ydlidar_x3_ros
[100%] Built target ydlidar_x3_node
-- Install configuration: ""
-- Execute custom install script
-- Up-to-date symlink: /home/ankledogg/ydlidar_ros2_ws/install/ydlidar_x3_ros/lib/ydlidar_x3_ros/ydlidar_x3_node
-- Up-to-date symlink: /home/ankledogg/ydlidar_ros2_ws/install/ydlidar_x3_ros/share/ament_index/resource_index/package_run_dependencies/ydlidar_x3_ros
-- Up-to-date symlink: /home/ankledogg/ydlidar_ros2_ws/install/ydlidar_x3_ros/share/ament_index/resource_index/parent_prefix_path/ydlidar_x3_ros
-- Up-to-date symlink: /home/ankledogg/ydlidar_ros2_ws/install/ydlidar_x3_ros/share/ydlidar_x3_ros/environment/ament_prefix_path.sh
-- Up-to-date symlink: /home/ankledogg/ydlidar_ros2_ws/install/ydlidar_x3_ros/share/ydlidar_x3_ros/environment/ament_prefix_path.dsv
-- Up-to-date symlink: /home/ankledogg/ydlidar_ros2_ws/install/ydlidar_x3_ros/share/ydlidar_x3_ros/environment/path.sh
-- Up-to-date symlink: /home/ankledogg/ydlidar_ros2_ws/install/ydlidar_x3_ros/share/ydlidar_x3_ros/environment/path.dsv
-- Up-to-date symlink: /home/ankledogg/ydlidar_ros2_ws/install/ydlidar_x3_ros/share/ydlidar_x3_ros/local_setup.bash
-- Up-to-date symlink: /home/ankledogg/ydlidar_ros2_ws/install/ydlidar_x3_ros/share/ydlidar_x3_ros/local_setup.sh
-- Up-to-date symlink: /home/ankledogg/ydlidar_ros2_ws/install/ydlidar_x3_ros/share/ydlidar_x3_ros/local_setup.zsh
-- Up-to-date symlink: /home/ankledogg/ydlidar_ros2_ws/install/ydlidar_x3_ros/share/ydlidar_x3_ros/local_setup.dsv
-- Symlinking: /home/ankledogg/ydlidar_ros2_ws/install/ydlidar_x3_ros/share/ydlidar_x3_ros/package.dsv
-- Up-to-date symlink: /home/ankledogg/ydlidar_ros2_ws/install/ydlidar_x3_ros/share/ament_index/resource_index/packages/ydlidar_x3_ros
-- Up-to-date symlink: /home/ankledogg/ydlidar_ros2_ws/install/ydlidar_x3_ros/share/ydlidar_x3_ros/cmake/ydlidar_x3_rosConfig.cmake
-- Up-to-date symlink: /home/ankledogg/ydlidar_ros2_ws/install/ydlidar_x3_ros/share/ydlidar_x3_ros/cmake/ydlidar_x3_rosConfig-version.cmake
-- Up-to-date symlink: /home/ankledogg/ydlidar_ros2_ws/install/ydlidar_x3_ros/share/ydlidar_x3_ros/package.xml
