[0.007s] Invoking command in '/home/ankledogg/ydlidar_ros2_ws/build/ydlidar_x3_ros': CMAKE_PREFIX_PATH=${CMAKE_PREFIX_PATH}:/opt/ros/foxy /usr/bin/cmake /home/ankledogg/ydlidar_ros2_ws/src/ydlidar_x3_ros -DCMAKE_INSTALL_PREFIX=/home/ankledogg/ydlidar_ros2_ws/install/ydlidar_x3_ros
[0.015s] -- Found ament_cmake: 0.9.12 (/opt/ros/foxy/share/ament_cmake/cmake)
[0.028s] -- Using PYTHON_EXECUTABLE: /usr/bin/python3
[0.113s] -- Override CMake install command with custom implementation using symlinks instead of copying resources
[0.117s] -- Found rclcpp: 2.4.3 (/opt/ros/foxy/share/rclcpp/cmake)
[0.135s] -- Using all available rosidl_typesupport_c: rosidl_typesupport_fastrtps_c;rosidl_typesupport_introspection_c
[0.137s] -- Found rosidl_adapter: 1.3.1 (/opt/ros/foxy/share/rosidl_adapter/cmake)
[0.203s] -- Using all available rosidl_typesupport_cpp: rosidl_typesupport_fastrtps_cpp;rosidl_typesupport_introspection_cpp
[0.231s] -- Found rmw_implementation_cmake: 1.0.4 (/opt/ros/foxy/share/rmw_implementation_cmake/cmake)
[0.231s] -- Using RMW implementation 'rmw_fastrtps_cpp' as default
[0.313s] -- Found sensor_msgs: 2.0.5 (/opt/ros/foxy/share/sensor_msgs/cmake)
[0.413s] -- Configuring done
[0.417s] -- Generating done
[0.419s] -- Build files have been written to: /home/ankledogg/ydlidar_ros2_ws/build/ydlidar_x3_ros
[0.425s] Invoked command in '/home/ankledogg/ydlidar_ros2_ws/build/ydlidar_x3_ros' returned '0': CMAKE_PREFIX_PATH=${CMAKE_PREFIX_PATH}:/opt/ros/foxy /usr/bin/cmake /home/ankledogg/ydlidar_ros2_ws/src/ydlidar_x3_ros -DCMAKE_INSTALL_PREFIX=/home/ankledogg/ydlidar_ros2_ws/install/ydlidar_x3_ros
[0.425s] Invoking command in '/home/ankledogg/ydlidar_ros2_ws/build/ydlidar_x3_ros': CMAKE_PREFIX_PATH=${CMAKE_PREFIX_PATH}:/opt/ros/foxy /usr/bin/cmake --build /home/ankledogg/ydlidar_ros2_ws/build/ydlidar_x3_ros -- -j12 -l12
[0.460s] [100%] Built target ydlidar_x3_node
[0.467s] Invoked command in '/home/ankledogg/ydlidar_ros2_ws/build/ydlidar_x3_ros' returned '0': CMAKE_PREFIX_PATH=${CMAKE_PREFIX_PATH}:/opt/ros/foxy /usr/bin/cmake --build /home/ankledogg/ydlidar_ros2_ws/build/ydlidar_x3_ros -- -j12 -l12
[0.473s] Invoking command in '/home/ankledogg/ydlidar_ros2_ws/build/ydlidar_x3_ros': CMAKE_PREFIX_PATH=${CMAKE_PREFIX_PATH}:/opt/ros/foxy /usr/bin/cmake --install /home/ankledogg/ydlidar_ros2_ws/build/ydlidar_x3_ros
[0.478s] -- Install configuration: ""
[0.478s] -- Execute custom install script
[0.478s] -- Up-to-date symlink: /home/ankledogg/ydlidar_ros2_ws/install/ydlidar_x3_ros/lib/ydlidar_x3_ros/ydlidar_x3_node
[0.478s] -- Up-to-date symlink: /home/ankledogg/ydlidar_ros2_ws/install/ydlidar_x3_ros/share/ament_index/resource_index/package_run_dependencies/ydlidar_x3_ros
[0.478s] -- Up-to-date symlink: /home/ankledogg/ydlidar_ros2_ws/install/ydlidar_x3_ros/share/ament_index/resource_index/parent_prefix_path/ydlidar_x3_ros
[0.478s] -- Up-to-date symlink: /home/ankledogg/ydlidar_ros2_ws/install/ydlidar_x3_ros/share/ydlidar_x3_ros/environment/ament_prefix_path.sh
[0.479s] -- Up-to-date symlink: /home/ankledogg/ydlidar_ros2_ws/install/ydlidar_x3_ros/share/ydlidar_x3_ros/environment/ament_prefix_path.dsv
[0.479s] -- Up-to-date symlink: /home/ankledogg/ydlidar_ros2_ws/install/ydlidar_x3_ros/share/ydlidar_x3_ros/environment/path.sh
[0.479s] -- Up-to-date symlink: /home/ankledogg/ydlidar_ros2_ws/install/ydlidar_x3_ros/share/ydlidar_x3_ros/environment/path.dsv
[0.479s] -- Up-to-date symlink: /home/ankledogg/ydlidar_ros2_ws/install/ydlidar_x3_ros/share/ydlidar_x3_ros/local_setup.bash
[0.479s] -- Up-to-date symlink: /home/ankledogg/ydlidar_ros2_ws/install/ydlidar_x3_ros/share/ydlidar_x3_ros/local_setup.sh
[0.479s] -- Up-to-date symlink: /home/ankledogg/ydlidar_ros2_ws/install/ydlidar_x3_ros/share/ydlidar_x3_ros/local_setup.zsh
[0.479s] -- Up-to-date symlink: /home/ankledogg/ydlidar_ros2_ws/install/ydlidar_x3_ros/share/ydlidar_x3_ros/local_setup.dsv
[0.479s] -- Symlinking: /home/ankledogg/ydlidar_ros2_ws/install/ydlidar_x3_ros/share/ydlidar_x3_ros/package.dsv
[0.484s] -- Up-to-date symlink: /home/ankledogg/ydlidar_ros2_ws/install/ydlidar_x3_ros/share/ament_index/resource_index/packages/ydlidar_x3_ros
[0.484s] -- Up-to-date symlink: /home/ankledogg/ydlidar_ros2_ws/install/ydlidar_x3_ros/share/ydlidar_x3_ros/cmake/ydlidar_x3_rosConfig.cmake
[0.484s] -- Up-to-date symlink: /home/ankledogg/ydlidar_ros2_ws/install/ydlidar_x3_ros/share/ydlidar_x3_ros/cmake/ydlidar_x3_rosConfig-version.cmake
[0.485s] -- Up-to-date symlink: /home/ankledogg/ydlidar_ros2_ws/install/ydlidar_x3_ros/share/ydlidar_x3_ros/package.xml
[0.486s] Invoked command in '/home/ankledogg/ydlidar_ros2_ws/build/ydlidar_x3_ros' returned '0': CMAKE_PREFIX_PATH=${CMAKE_PREFIX_PATH}:/opt/ros/foxy /usr/bin/cmake --install /home/ankledogg/ydlidar_ros2_ws/build/ydlidar_x3_ros
