[0.010s] Invoking command in '/home/ankledogg/ydlidar_ros2_ws/build/ydlidar_x3_ros': CMAKE_PREFIX_PATH=${CMAKE_PREFIX_PATH}:/opt/ros/foxy /usr/bin/cmake --build /home/ankledogg/ydlidar_ros2_ws/build/ydlidar_x3_ros -- -j12 -l12
[0.125s] [100%] Built target ydlidar_x3_node
[0.133s] Invoked command in '/home/ankledogg/ydlidar_ros2_ws/build/ydlidar_x3_ros' returned '0': CMAKE_PREFIX_PATH=${CMAKE_PREFIX_PATH}:/opt/ros/foxy /usr/bin/cmake --build /home/ankledogg/ydlidar_ros2_ws/build/ydlidar_x3_ros -- -j12 -l12
[0.142s] Invoking command in '/home/ankledogg/ydlidar_ros2_ws/build/ydlidar_x3_ros': CMAKE_PREFIX_PATH=${CMAKE_PREFIX_PATH}:/opt/ros/foxy /usr/bin/cmake --install /home/ankledogg/ydlidar_ros2_ws/build/ydlidar_x3_ros
[0.148s] -- Install configuration: ""
[0.148s] -- Execute custom install script
[0.150s] -- Up-to-date symlink: /home/ankledogg/ydlidar_ros2_ws/install/ydlidar_x3_ros/lib/ydlidar_x3_ros/ydlidar_x3_node
[0.150s] -- Up-to-date symlink: /home/ankledogg/ydlidar_ros2_ws/install/ydlidar_x3_ros/share/ament_index/resource_index/package_run_dependencies/ydlidar_x3_ros
[0.150s] -- Up-to-date symlink: /home/ankledogg/ydlidar_ros2_ws/install/ydlidar_x3_ros/share/ament_index/resource_index/parent_prefix_path/ydlidar_x3_ros
[0.150s] -- Up-to-date symlink: /home/ankledogg/ydlidar_ros2_ws/install/ydlidar_x3_ros/share/ydlidar_x3_ros/environment/ament_prefix_path.sh
[0.150s] -- Up-to-date symlink: /home/ankledogg/ydlidar_ros2_ws/install/ydlidar_x3_ros/share/ydlidar_x3_ros/environment/ament_prefix_path.dsv
[0.151s] -- Up-to-date symlink: /home/ankledogg/ydlidar_ros2_ws/install/ydlidar_x3_ros/share/ydlidar_x3_ros/environment/path.sh
[0.151s] -- Up-to-date symlink: /home/ankledogg/ydlidar_ros2_ws/install/ydlidar_x3_ros/share/ydlidar_x3_ros/environment/path.dsv
[0.151s] -- Up-to-date symlink: /home/ankledogg/ydlidar_ros2_ws/install/ydlidar_x3_ros/share/ydlidar_x3_ros/local_setup.bash
[0.151s] -- Up-to-date symlink: /home/ankledogg/ydlidar_ros2_ws/install/ydlidar_x3_ros/share/ydlidar_x3_ros/local_setup.sh
[0.152s] -- Up-to-date symlink: /home/ankledogg/ydlidar_ros2_ws/install/ydlidar_x3_ros/share/ydlidar_x3_ros/local_setup.zsh
[0.152s] -- Up-to-date symlink: /home/ankledogg/ydlidar_ros2_ws/install/ydlidar_x3_ros/share/ydlidar_x3_ros/local_setup.dsv
[0.152s] -- Symlinking: /home/ankledogg/ydlidar_ros2_ws/install/ydlidar_x3_ros/share/ydlidar_x3_ros/package.dsv
[0.158s] -- Up-to-date symlink: /home/ankledogg/ydlidar_ros2_ws/install/ydlidar_x3_ros/share/ament_index/resource_index/packages/ydlidar_x3_ros
[0.159s] -- Up-to-date symlink: /home/ankledogg/ydlidar_ros2_ws/install/ydlidar_x3_ros/share/ydlidar_x3_ros/cmake/ydlidar_x3_rosConfig.cmake
[0.159s] -- Up-to-date symlink: /home/ankledogg/ydlidar_ros2_ws/install/ydlidar_x3_ros/share/ydlidar_x3_ros/cmake/ydlidar_x3_rosConfig-version.cmake
[0.159s] -- Up-to-date symlink: /home/ankledogg/ydlidar_ros2_ws/install/ydlidar_x3_ros/share/ydlidar_x3_ros/package.xml
[0.161s] Invoked command in '/home/ankledogg/ydlidar_ros2_ws/build/ydlidar_x3_ros' returned '0': CMAKE_PREFIX_PATH=${CMAKE_PREFIX_PATH}:/opt/ros/foxy /usr/bin/cmake --install /home/ankledogg/ydlidar_ros2_ws/build/ydlidar_x3_ros
